<?xml version="1.0" encoding="UTF-8"?>
<testng-results ignored="0" total="1" passed="1" failed="0" skipped="0">
  <reporter-output>
  </reporter-output>
  <suite started-at="2023-05-29T17:54:50 PDT" name="Default suite" finished-at="2023-05-29T17:55:20 PDT" duration-ms="30448">
    <groups>
    </groups>
    <test started-at="2023-05-29T17:54:50 PDT" name="Default test" finished-at="2023-05-29T17:55:20 PDT" duration-ms="30448">
      <class name="testscripts.AddToCartTest">
        <test-method is-config="true" signature="classConfig()[pri:0, instance:testscripts.AddToCartTest@16610890]" started-at="2023-05-29T17:54:50 PDT" name="classConfig" finished-at="2023-05-29T17:54:52 PDT" duration-ms="2206" status="PASS">
          <reporter-output>
          </reporter-output>
        </test-method> <!-- classConfig -->
        <test-method is-config="true" signature="methodConfig()[pri:0, instance:testscripts.AddToCartTest@16610890]" started-at="2023-05-29T17:54:52 PDT" name="methodConfig" finished-at="2023-05-29T17:55:12 PDT" duration-ms="19996" status="PASS">
          <reporter-output>
          </reporter-output>
        </test-method> <!-- methodConfig -->
        <test-method signature="addToCartTest()[pri:0, instance:testscripts.AddToCartTest@16610890]" started-at="2023-05-29T17:55:12 PDT" name="addToCartTest" finished-at="2023-05-29T17:55:20 PDT" duration-ms="7475" status="PASS">
          <reporter-output>
          </reporter-output>
        </test-method> <!-- addToCartTest -->
        <test-method is-config="true" signature="methodTearDown()[pri:0, instance:testscripts.AddToCartTest@16610890]" started-at="2023-05-29T17:55:20 PDT" name="methodTearDown" finished-at="2023-05-29T17:55:20 PDT" duration-ms="715" status="PASS">
          <reporter-output>
          </reporter-output>
        </test-method> <!-- methodTearDown -->
        <test-method is-config="true" signature="classTearDown()[pri:0, instance:testscripts.AddToCartTest@16610890]" started-at="2023-05-29T17:55:20 PDT" name="classTearDown" finished-at="2023-05-29T17:55:20 PDT" duration-ms="1" status="PASS">
          <reporter-output>
          </reporter-output>
        </test-method> <!-- classTearDown -->
      </class> <!-- testscripts.AddToCartTest -->
    </test> <!-- Default test -->
  </suite> <!-- Default suite -->
</testng-results>
